-------------------------------------------------------------------------------
Test set: TestSuite
-------------------------------------------------------------------------------
Tests run: 1, Failures: 1, Errors: 0, Skipped: 0, Time elapsed: 11.13 s <<< FAILURE! - in TestSuite
homePageTest(RegistrationProcessTest)  Time elapsed: 9.957 s  <<< FAILURE!
org.testng.TestNGException: 

Method public void RegistrationProcessTest.homePageTest(java.lang.String,java.lang.String) requires a @DataProvider named : Authentication

